Determining if the pthread_create exist failed with the following output:
Change Dir: /home/icslkch/catkin_ws/src/BagFromImages/build/CMakeFiles/CMakeTmp

Run Build Command:/usr/bin/make "cmTryCompileExec3052869954/fast"
/usr/bin/make -f CMakeFiles/cmTryCompileExec3052869954.dir/build.make CMakeFiles/cmTryCompileExec3052869954.dir/build
make[1]: Entering directory `/home/icslkch/catkin_ws/src/BagFromImages/build/CMakeFiles/CMakeTmp'
/usr/bin/cmake -E cmake_progress_report /home/icslkch/catkin_ws/src/BagFromImages/build/CMakeFiles/CMakeTmp/CMakeFiles 1
Building C object CMakeFiles/cmTryCompileExec3052869954.dir/CheckSymbolExists.c.o
/usr/bin/cc    -o CMakeFiles/cmTryCompileExec3052869954.dir/CheckSymbolExists.c.o   -c /home/icslkch/catkin_ws/src/BagFromImages/build/CMakeFiles/CMakeTmp/CheckSymbolExists.c
Linking C executable cmTryCompileExec3052869954
/usr/bin/cmake -E cmake_link_script CMakeFiles/cmTryCompileExec3052869954.dir/link.txt --verbose=1
/usr/bin/cc       CMakeFiles/cmTryCompileExec3052869954.dir/CheckSymbolExists.c.o  -o cmTryCompileExec3052869954 -rdynamic 
CMakeFiles/cmTryCompileExec3052869954.dir/CheckSymbolExists.c.o: In function `main':
CheckSymbolExists.c:(.text+0x16): undefined reference to `pthread_create'
collect2: error: ld returned 1 exit status
make[1]: *** [cmTryCompileExec3052869954] Error 1
make[1]: Leaving directory `/home/icslkch/catkin_ws/src/BagFromImages/build/CMakeFiles/CMakeTmp'
make: *** [cmTryCompileExec3052869954/fast] Error 2

File /home/icslkch/catkin_ws/src/BagFromImages/build/CMakeFiles/CMakeTmp/CheckSymbolExists.c:
/* */
#include <pthread.h>

int main(int argc, char** argv)
{
  (void)argv;
#ifndef pthread_create
  return ((int*)(&pthread_create))[argc];
#else
  (void)argc;
  return 0;
#endif
}

Determining if the function pthread_create exists in the pthreads failed with the following output:
Change Dir: /home/icslkch/catkin_ws/src/BagFromImages/build/CMakeFiles/CMakeTmp

Run Build Command:/usr/bin/make "cmTryCompileExec2174981719/fast"
/usr/bin/make -f CMakeFiles/cmTryCompileExec2174981719.dir/build.make CMakeFiles/cmTryCompileExec2174981719.dir/build
make[1]: Entering directory `/home/icslkch/catkin_ws/src/BagFromImages/build/CMakeFiles/CMakeTmp'
/usr/bin/cmake -E cmake_progress_report /home/icslkch/catkin_ws/src/BagFromImages/build/CMakeFiles/CMakeTmp/CMakeFiles 1
Building C object CMakeFiles/cmTryCompileExec2174981719.dir/CheckFunctionExists.c.o
/usr/bin/cc   -DCHECK_FUNCTION_EXISTS=pthread_create   -o CMakeFiles/cmTryCompileExec2174981719.dir/CheckFunctionExists.c.o   -c /usr/share/cmake-2.8/Modules/CheckFunctionExists.c
Linking C executable cmTryCompileExec2174981719
/usr/bin/cmake -E cmake_link_script CMakeFiles/cmTryCompileExec2174981719.dir/link.txt --verbose=1
/usr/bin/cc   -DCHECK_FUNCTION_EXISTS=pthread_create    CMakeFiles/cmTryCompileExec2174981719.dir/CheckFunctionExists.c.o  -o cmTryCompileExec2174981719 -rdynamic -lpthreads 
/usr/bin/ld: cannot find -lpthreads
collect2: error: ld returned 1 exit status
make[1]: *** [cmTryCompileExec2174981719] Error 1
make[1]: Leaving directory `/home/icslkch/catkin_ws/src/BagFromImages/build/CMakeFiles/CMakeTmp'
make: *** [cmTryCompileExec2174981719/fast] Error 2


Performing C++ SOURCE FILE Test HAS_STD_CPP11_FLAG failed with the following output:

Source file was:
int main() { return 0;}
